<?xml version="1.0" encoding="UTF-8"?>
<!-- Generated by org.testng.reporters.JUnitReportReporter -->
<testsuite skipped="0" hostname="DESKTOP-A5GCHAB" name="com.myntra.driverscript.DriverScript" tests="1" failures="0" timestamp="05 Nov 2019 03:28:51 GMT" time="127.389" errors="0">
  <testcase name="executeTestScripts" time="127.389" classname="com.myntra.driverscript.DriverScript"/>
</testsuite> <!-- com.myntra.driverscript.DriverScript -->
